自助学习系统启动时间：2016年3月22日2时0分5秒
JSESSIONID=CCA4D812A26582326161DC401BDE6EAB;
被选择的登陆图片名：44.jpg
登录参数：PAPERSCODE=211121197405031470&USERNAME=&yhdl=sfz&CERTTYPE=010600&PASSWORD=123123&rand=9612
第一步 isFaceLogin:{"success":"isFace","error":null,"msg":null,"obj":null}
第二步 InitialFaceCamera:{"success":"成功","error":null,"msg":"Gieye0yqcKotYiHreEO+SndM9Qtl6ODIrND87+p+FbkqVN6Wz6QE1K3gAIQIka2BZv/cmxhRVraFX11nZMSA7PVv8LA1AwjfVLah4pKDo+3IOaoIBTl97mUdKhk=","obj":null}
秘串：Gieye0yqcKotYiHreEO+SndM9Qtl6ODIrND87MIQkxvcGmyHWzD+SrcGJ+6zq6CpywX8M7Xvak744clVOrGQ/+p+FbkqVN6Wz6QE1K3gAIQIka2BZv/cmxhRVraFX11nZMSA7PVv8LA1AwjfVLah4pKDo+3IOaoIBTl97mUdKhk=
原始照片数据：000065AC00000020/9j/4AAQSkZJRgABAQEBLAEsAAD/2wBDAAgGBgcGBQgHBwcJCQgKDBQNDAsLDBkSEw8UHRFKwWVxN3FNLU40002F9dBCcimJnNOoWncm48cCl6ik7UlMpWENIKVqB0pJDV9hDQy7kI8008d61acf1e473f7589b4136839a48e
照片MD5值：8008d61acf1e473f7589b4136839a48e
照片数据：/9j/4AAQSkZJRgABAQEBLAEsAAD/2wBDAAgGBgcGBQgHBwcJCQgKDBQNDAsLDBkSEw8UHRofHh0aHBwgJC4nICIsIxpuaSjHFOxVgzSbhRRjnNNrQVgJpAadSYFKwWVxN3FNLU40002F9dBCcimJnNOoWncm48cCl6ik7UlMpWENIKVqB0pJDV9hDQy7kI
加密文件头：000065AC00000020
照片重组后数据：000065AC00000020/9j/4AAQSkZJRgABAQEBLAEsAAD/2wBDAAgGBgcGBQgHBwcJCQgKDBQNDAsLDBkSEw8UFKwWVxN3FNLU40002F9dBCcimJnNOoWncm48cCl6ik7UlMpWENIKVqB0pJDV9hDQy7kI8008d61acf1e473f7589b4136839a48e
验证参数：PAPERSCODE=211121197405031470&USERNAME=&yhdl=sfz&CERTTYPE=010600&PASSWORD=123123&rand=9612B%49%38%30%30%38%64%36%31%61%63%66%31%65%34%37%33%66%37%35%38%39%62%34%31%33%36%38%33%39%61%34%38%65
第三步 UserTakeLogin:{"success":"0.81857425","error":"yearBefore","msg":"您现在的教育年度为2015年度?年度）不符，将不记录学时，如需学习2016年度需首先点击【确定】按钮进行续费后重新登录学习","obj":null}
登录成功success
登录成功
开始下载学习数据...
登录成功success
用户已经登录成功
已经访问showPlay页面
学习数据下载完成。
学习有效数据：[{"id":"58","text":"道路运输相关法规、政策","url":null,"children":[{"id":"125","text":_6_3/","children":[],"state":null,"time":0}],"state":"closed","time":0}],"state":"closed","time":0}]
开始整理学习数据...
整理学习数据完成
获取学习配置数据成功
开始下载文件，请稍后...
登录成功success
文件[jxjy_player_V3_03]已经存在，不必下载
打开播放器成功！
节点切换访问地址：http://jxjy.dwjtaq.com/reInitPlay.xhtml?contentId=3f89686c5014d2988a097f46d7445892rl=/view/ContinuingEducationWeb/knowledge/continuingeducationflashs/huoyunFlash/1/1_1/1_1_1/
&page=1
节点切换存放目录：\1\1_1\1_1_1\1_1_1_1.swf
开始下载文件，请稍后...
创建目录：\1\1_1\1_1_1\1_1_1_1.swf 失败！
下载文件：1_1_1_1 失败！
XML数据请求地址：/view/ContinuingEducationWeb/knowledge/continuingeducationflashs/huoyunFlash/1/1_1/1_1_1/

翻页XML数据：?<?xml version="1.0" encoding="utf-8"?>
<eduMall xmlns="http://sys.dwjtaq.com/eduMallvfile="1_1_1_56.swf" FPS="12"/>
      <f file="end.swf" FPS="12"/>
    </c2>
  </c1>
</eduMall>

XML数据到页完成
当前页数据：
<html>
<head>
<script type="text/javascript"
	src="/view/ContinuingEducationWeb/js/jque&firstTime=14&intervalTime=300&pageNum="
			wmode="transparent" />
	</object>
</div>
</body>
</html>
当前页时间数据：COSOK2LKeTjpeeltB2Xy2VQXW06fhCH3
获取当前节点开始时间：COSOK2LKeTjpeeltB2Xy2VQXW06fhCH3
网络地址：http://jxjy.dwjtaq.com/view/ContinuingEducationWeb/knowledge/continuingeducationflashs/huoyunFlash/1/1_1/1_1_1/
1_1_1_1.swf
本地地址：F:\Workspaces\git\GitHub\e\教育学习\study\player\temp\1\1_1\1_1_1\1_1_1_1.swf
文件名：1_1_1_1
开始下载文件，请稍后...
登录成功success
文件[1_1_1_1]已经存在，不必下载
1_1_1_1 获取成功！
获取当前视频信息：010101001
获取[1_1_1_1]的时长为：49
开始计时...
开始上传时长...
时长上传参数：ctinfo=05n210776n4124&pos=010101001&starttime=COSOK2LKeTjpeeltB2Xy2VQXW06fhCH3
时长上传返回数据：








<!DOCTYPE html>
<HTML>
<HEAD>
<TITLE>辽宁省道路运输驾驶员继续教育网</TITL b).style.color = "#ff004e";
		document.getElementById("info" + b).style.display = "";

	}
</script>
上传时长[49s]完成
网络地址：http://jxjy.dwjtaq.com/view/ContinuingEducationWeb/knowledge/continuingeducationflashs/huoyunFlash/1/1_1/1_1_1/
1_1_1_2.swf
本地地址：F:\Workspaces\git\GitHub\e\教育学习\study\player\temp\1\1_1\1_1_1\1_1_1_2.swf
文件名：1_1_1_2
开始下载文件，请稍后...
登录成功success
文件[1_1_1_2]已经存在，不必下载
1_1_1_2 获取成功！
获取当前视频信息：010101002
获取[1_1_1_2]的时长为：36
开始计时...
开始上传时长...
时长上传参数：ctinfo=05n115264n8148&pos=010101002&starttime=COSOK2LKeTjpeeltB2Xy2VQXW06fhCH3
时长上传返回数据：








<!DOCTYPE html>
<HTML>
<HEAD>
<TITLE>辽宁省道路运输驾驶员继续教育网</TITL b).style.color = "#ff004e";
		document.getElementById("info" + b).style.display = "";

	}
</script>
上传时长[36s]完成
网络地址：http://jxjy.dwjtaq.com/view/ContinuingEducationWeb/knowledge/continuingeducationflashs/huoyunFlash/1/1_1/1_1_1/
1_1_1_3.swf
本地地址：F:\Workspaces\git\GitHub\e\教育学习\study\player\temp\1\1_1\1_1_1\1_1_1_3.swf
文件名：1_1_1_3
开始下载文件，请稍后...
登录成功success
文件[1_1_1_3]已经存在，不必下载
1_1_1_3 获取成功！
获取当前视频信息：010101003
获取[1_1_1_3]的时长为：40
开始计时...
开始上传时长...
时长上传参数：ctinfo=06n116960n11272&pos=010101003&starttime=COSOK2LKeTjpeeltB2Xy2VQXW06fhCH3
时长上传返回数据：








<!DOCTYPE html>
<HTML>
<HEAD>
<TITLE>辽宁省道路运输驾驶员继续教育网</TITL b).style.color = "#ff004e";
		document.getElementById("info" + b).style.display = "";

	}
</script>
上传时长[40s]完成
网络地址：http://jxjy.dwjtaq.com/view/ContinuingEducationWeb/knowledge/continuingeducationflashs/huoyunFlash/1/1_1/1_1_1/
1_1_1_4.swf
本地地址：F:\Workspaces\git\GitHub\e\教育学习\study\player\temp\1\1_1\1_1_1\1_1_1_4.swf
文件名：1_1_1_4
开始下载文件，请稍后...
登录成功success
文件[1_1_1_4]已经存在，不必下载
1_1_1_4 获取成功！
获取当前视频信息：010101004
获取[1_1_1_4]的时长为：40
开始计时...
开始上传时长...
时长上传参数：ctinfo=06n116960n11696&pos=010101004&starttime=COSOK2LKeTjpeeltB2Xy2VQXW06fhCH3
时长上传返回数据：








<!DOCTYPE html>
<HTML>
<HEAD>
<TITLE>辽宁省道路运输驾驶员继续教育网</TITL b).style.color = "#ff004e";
		document.getElementById("info" + b).style.display = "";

	}
</script>
上传时长[40s]完成
自助学习系统退出时间：2016年3月22日2时5分29秒
日志保存时间：2016年3月22日2时5分29秒