自助学习系统启动时间：2016年3月23日1时26分55秒
JSESSIONID=BD463057DE47A72BFA9035E89F679CE4;
被选择的登陆图片名：68.jpg
登录参数：PAPERSCODE=211121197405031470&USERNAME=&yhdl=sfz&CERTTYPE=010600&PASSWORD=123123&rand=4794
第一步 isFaceLogin:{"success":"isFace","error":null,"msg":null,"obj":null}
第二步 InitialFaceCamera:{"success":"成功","error":null,"msg":"GlhPoQYyEH7GiYdwy0epF+pZyffSAmB6HZGngomfsDFt1vCHoZaWGS0RRYHU+a2VSlcvZg/K99CLOCDxbu6e+NS+6tDNMGcXy+pnNrfhHmUuosXnN0gRtb2SmoM=","obj":null}
秘串：GlhPoQYyEH7GiYdwy0epF+pZyffSAmB6HZGngxoBjFcC+ZOsPeMnbX8zbdgQyks7F0qpRlQV4yDEP/gjKGufmomfsDFt1vCHoZaWGS0RRYHU+a2VSlcvZg/K99CLOCDxbu6e+NS+6tDNMGcXy+pnNrfhHmUuosXnN0gRtb2SmoM=
原始照片数据：000050A400000020/9j/4AAQSkZJRgABAQEBLAEsAAD/2wBDAAgGBgcGBQgHBwcJCQgKDBQNDAsLDBkSEw8UHR0IlBPQ6nTtRF6GRuJB29fpWgK5GBmhkR0OGQ5FdPbXCXMKyKfr7GuilNSOapDlJ+9LSU87507a47b0d94553477ef00184bc645e
照片MD5值：87507a47b0d94553477ef00184bc645e
照片数据：/9j/4AAQSkZJRgABAQEBLAEsAAD/2wBDAAgGBgcGBQgHBwcJCQgKDBQNDAsLDBkSEw8UHRofHh0aHBwgJC4nICIsIxJUkD0FTLqUiY/eMcdjVItxUTHe2AauM30IlBPQ6nTtRF6GRuJB29fpWgK5GBmhkR0OGQ5FdPbXCXMKyKfr7GuilNSOapDlJ+9LSU
加密文件头：000050A400000020
照片重组后数据：000050A400000020/9j/4AAQSkZJRgABAQEBLAEsAAD/2wBDAAgGBgcGBQgHBwcJCQgKDBQNDAsLDBkSEw8U0IlBPQ6nTtRF6GRuJB29fpWgK5GBmhkR0OGQ5FdPbXCXMKyKfr7GuilNSOapDlJ+9LSU87507a47b0d94553477ef00184bc645e
验证参数：PAPERSCODE=211121197405031470&USERNAME=&yhdl=sfz&CERTTYPE=010600&PASSWORD=123123&rand=47943%55%38%37%35%30%37%61%34%37%62%30%64%39%34%35%35%33%34%37%37%65%66%30%30%31%38%34%62%63%36%34%35%65
第三步 UserTakeLogin:{"success":"0.8455335","error":"yearBefore","msg":"您现在的教育年度为2015年度与6年度）不符，将不记录学时，如需学习2016年度需首先点击【确定】按钮进行续费后重新登录学习","obj":null}
登录成功success
登录成功
开始下载学习数据...
登录成功success
用户已经登录成功
已经访问showPlay页面
学习数据下载完成。
学习有效数据：[{"id":"58","text":"道路运输相关法规、政策","url":null,"children":[{"id":"125","text":_6_3/","children":[],"state":null,"time":0}],"state":"closed","time":0}],"state":"closed","time":0}]
开始整理学习数据...
整理学习数据完成
获取学习配置数据成功
节点切换访问地址：http://jxjy.dwjtaq.com/reInitPlay.xhtml?contentId=c0644a21f5bc4f92692b5b63f1901a98rl=/view/ContinuingEducationWeb/knowledge/continuingeducationflashs/huoyunFlash/1/1_1/1_1_1/
&page=1
节点切换存放目录：\1\1_1\1_1_1\1_1_1_1.swf
开始下载文件，请稍后...
创建目录：\1\1_1\1_1_1\1_1_1_1.swf 失败！
下载文件：1_1_1_1 失败！
XML数据请求地址：/view/ContinuingEducationWeb/knowledge/continuingeducationflashs/huoyunFlash/1/1_1/1_1_1/

翻页XML数据：?<?xml version="1.0" encoding="utf-8"?>
<eduMall xmlns="http://sys.dwjtaq.com/eduMallvfile="1_1_1_56.swf" FPS="12"/>
      <f file="end.swf" FPS="12"/>
    </c2>
  </c1>
</eduMall>

XML数据到页完成
当前页数据：
<html>
<head>
<script type="text/javascript"
	src="/view/ContinuingEducationWeb/js/jque&firstTime=14&intervalTime=300&pageNum="
			wmode="transparent" />
	</object>
</div>
</body>
</html>
当前页时间数据：5IotTxLdAvoxG98puCpq01QXW06fhCH3
获取当前节点开始时间：5IotTxLdAvoxG98puCpq01QXW06fhCH3
网络地址：http://jxjy.dwjtaq.com/view/ContinuingEducationWeb/knowledge/continuingeducationflashs/huoyunFlash/1/1_1/1_1_1/
1_1_1_1.swf
本地地址：F:\Workspaces\git\GitHub\e\教育学习\study\player\temp\1\1_1\1_1_1\1_1_1_1.swf
文件名：1_1_1_1
开始下载文件，请稍后...
登录成功success
文件[1_1_1_1]已经存在，不必下载
1_1_1_1 获取成功！
获取当前视频信息：010101000
获取[1_1_1_1]的时长为：49
开始计时...
开始上传时长...
时长太短不用上传。时长向下累计
上传时长[49s]完成
网络地址：http://jxjy.dwjtaq.com/view/ContinuingEducationWeb/knowledge/continuingeducationflashs/huoyunFlash/1/1_1/1_1_1/
1_1_1_2.swf
本地地址：F:\Workspaces\git\GitHub\e\教育学习\study\player\temp\1\1_1\1_1_1\1_1_1_2.swf
文件名：1_1_1_2
开始下载文件，请稍后...
登录成功success
文件[1_1_1_2]已经存在，不必下载
1_1_1_2 获取成功！
获取当前视频信息：010101001
获取[1_1_1_2]的时长为：36
开始计时...
开始上传时长...
时长上传参数：ctinfo=05i117689i7122&pos=010101001&starttime=5IotTxLdAvoxG98puCpq01QXW06fhCH3
时长上传返回数据：








<!DOCTYPE html>
<HTML>
<HEAD>
<TITLE>辽宁省道路运输驾驶员继续教育网</TITL b).style.color = "#ff004e";
		document.getElementById("info" + b).style.display = "";

	}
</script>
上传时长[36s]完成
网络地址：http://jxjy.dwjtaq.com/view/ContinuingEducationWeb/knowledge/continuingeducationflashs/huoyunFlash/1/1_1/1_1_1/
1_1_1_3.swf
本地地址：F:\Workspaces\git\GitHub\e\教育学习\study\player\temp\1\1_1\1_1_1\1_1_1_3.swf
文件名：1_1_1_3
开始下载文件，请稍后...
登录成功success
文件[1_1_1_3]已经存在，不必下载
1_1_1_3 获取成功！
获取当前视频信息：010101002
获取[1_1_1_3]的时长为：40
开始计时...
开始上传时长...
时长太短不用上传。时长向下累计
上传时长[40s]完成
网络地址：http://jxjy.dwjtaq.com/view/ContinuingEducationWeb/knowledge/continuingeducationflashs/huoyunFlash/1/1_1/1_1_1/
1_1_1_4.swf
本地地址：F:\Workspaces\git\GitHub\e\教育学习\study\player\temp\1\1_1\1_1_1\1_1_1_4.swf
文件名：1_1_1_4
开始下载文件，请稍后...
登录成功success
文件[1_1_1_4]已经存在，不必下载
1_1_1_4 获取成功！
获取当前视频信息：010101003
获取[1_1_1_4]的时长为：40
开始计时...
开始上传时长...
时长上传参数：ctinfo=06i415125i11444&pos=010101003&starttime=5IotTxLdAvoxG98puCpq01QXW06fhCH3
时长上传返回数据：








<!DOCTYPE html>
<HTML>
<HEAD>
<TITLE>辽宁省道路运输驾驶员继续教育网</TITL b).style.color = "#ff004e";
		document.getElementById("info" + b).style.display = "";

	}
</script>
上传时长[40s]完成
网络地址：http://jxjy.dwjtaq.com/view/ContinuingEducationWeb/knowledge/continuingeducationflashs/huoyunFlash/1/1_1/1_1_1/
1_1_1_5.swf
本地地址：F:\Workspaces\git\GitHub\e\教育学习\study\player\temp\1\1_1\1_1_1\1_1_1_5.swf
文件名：1_1_1_5
开始下载文件，请稍后...
登录成功success
文件[1_1_1_5]已经存在，不必下载
1_1_1_5 获取成功！
获取当前视频信息：010101004
获取[1_1_1_5]的时长为：23
开始计时...
开始上传时长...
时长上传参数：ctinfo=06i519565i11805&pos=010101004&starttime=5IotTxLdAvoxG98puCpq01QXW06fhCH3
时长上传返回数据：








<!DOCTYPE html>
<HTML>
<HEAD>
<TITLE>辽宁省道路运输驾驶员继续教育网</TITL b).style.color = "#ff004e";
		document.getElementById("info" + b).style.display = "";

	}
</script>
上传时长[23s]完成
网络地址：http://jxjy.dwjtaq.com/view/ContinuingEducationWeb/knowledge/continuingeducationflashs/huoyunFlash/1/1_1/1_1_1/
1_1_1_6.swf
本地地址：F:\Workspaces\git\GitHub\e\教育学习\study\player\temp\1\1_1\1_1_1\1_1_1_6.swf
文件名：1_1_1_6
开始下载文件，请稍后...
登录成功success
文件[1_1_1_6]已经存在，不必下载
1_1_1_6 获取成功！
获取当前视频信息：010101005
获取[1_1_1_6]的时长为：14
开始计时...
开始上传时长...
时长太短不用上传。时长向下累计
上传时长[14s]完成
网络地址：http://jxjy.dwjtaq.com/view/ContinuingEducationWeb/knowledge/continuingeducationflashs/huoyunFlash/1/1_1/1_1_1/
1_1_1_7.swf
本地地址：F:\Workspaces\git\GitHub\e\教育学习\study\player\temp\1\1_1\1_1_1\1_1_1_7.swf
文件名：1_1_1_7
开始下载文件，请稍后...
登录成功success
文件[1_1_1_7]已经存在，不必下载
1_1_1_7 获取成功！
获取当前视频信息：010101006
获取[1_1_1_7]的时长为：33
开始计时...
开始上传时长...
时长太短不用上传。时长向下累计
上传时长[33s]完成
网络地址：http://jxjy.dwjtaq.com/view/ContinuingEducationWeb/knowledge/continuingeducationflashs/huoyunFlash/1/1_1/1_1_1/
1_1_1_8.swf
本地地址：F:\Workspaces\git\GitHub\e\教育学习\study\player\temp\1\1_1\1_1_1\1_1_1_8.swf
文件名：1_1_1_8
开始下载文件，请稍后...
登录成功success
文件[1_1_1_8]已经存在，不必下载
1_1_1_8 获取成功！
获取当前视频信息：010101007
获取[1_1_1_8]的时长为：43
开始计时...
开始上传时长...
时长上传参数：ctinfo=06i814835i21888&pos=010101007&starttime=5IotTxLdAvoxG98puCpq01QXW06fhCH3
时长上传返回数据：








<!DOCTYPE html>
<HTML>
<HEAD>
<TITLE>辽宁省道路运输驾驶员继续教育网</TITL b).style.color = "#ff004e";
		document.getElementById("info" + b).style.display = "";

	}
</script>
上传时长[43s]完成
日志保存时间：2016年3月23日1时35分38秒